The system is: Linux - 5.19.7-1-MANJARO - x86_64
Compiling the C compiler identification source file "CMakeCCompilerId.c" succeeded.
Compiler: /usr/bin/cc 
Build flags: 
Id flags:  

The output was:
0


Compilation of the C compiler identification source "CMakeCCompilerId.c" produced "a.out"

The C compiler identification is GNU, found in "/home/lewisg/Documents/Computer Science/C++/OpenGLGame/glew-2.2.0/build/CMakeFiles/3.24.1/CompilerIdC/a.out"

Detecting C compiler ABI info compiled with the following output:
Change Dir: /home/lewisg/Documents/Computer Science/C++/OpenGLGame/glew-2.2.0/build/CMakeFiles/CMakeTmp

Run Build Command(s):/usr/bin/make -f Makefile cmTC_acd7f/fast && /usr/bin/make  -f CMakeFiles/cmTC_acd7f.dir/build.make CMakeFiles/cmTC_acd7f.dir/build
make[1]: Entering directory '/home/lewisg/Documents/Computer Science/C++/OpenGLGame/glew-2.2.0/build/CMakeFiles/CMakeTmp'
Building C object CMakeFiles/cmTC_acd7f.dir/CMakeCCompilerABI.c.o
/usr/bin/cc   -v -o CMakeFiles/cmTC_acd7f.dir/CMakeCCompilerABI.c.o -c /usr/share/cmake/Modules/CMakeCCompilerABI.c
Using built-in specs.
COLLECT_GCC=/usr/bin/cc
Target: x86_64-pc-linux-gnu
Configured with: /build/gcc/src/gcc/configure --enable-languages=c,c++,ada,fortran,go,lto,objc,obj-c++,d --enable-bootstrap --prefix=/usr --libdir=/usr/lib --libexecdir=/usr/lib --mandir=/usr/share/man --infodir=/usr/share/info --with-bugurl=https://bugs.archlinux.org/ --with-build-config=bootstrap-lto --with-linker-hash-style=gnu --with-system-zlib --enable-__cxa_atexit --enable-cet=auto --enable-checking=release --enable-clocale=gnu --enable-default-pie --enable-default-ssp --enable-gnu-indirect-function --enable-gnu-unique-object --enable-libstdcxx-backtrace --enable-link-serialization=1 --enable-linker-build-id --enable-lto --enable-multilib --enable-plugin --enable-shared --enable-threads=posix --disable-libssp --disable-libstdcxx-pch --disable-werror
Thread model: posix
Supported LTO compression algorithms: zlib zstd
gcc version 12.2.0 (GCC) 
COLLECT_GCC_OPTIONS='-v' '-o' 'CMakeFiles/cmTC_acd7f.dir/CMakeCCompilerABI.c.o' '-c' '-mtune=generic' '-march=x86-64' '-dumpdir' 'CMakeFiles/cmTC_acd7f.dir/'
 /usr/lib/gcc/x86_64-pc-linux-gnu/12.2.0/cc1 -quiet -v /usr/share/cmake/Modules/CMakeCCompilerABI.c -quiet -dumpdir CMakeFiles/cmTC_acd7f.dir/ -dumpbase CMakeCCompilerABI.c.c -dumpbase-ext .c -mtune=generic -march=x86-64 -version -o /tmp/ccc534tC.s
GNU C17 (GCC) version 12.2.0 (x86_64-pc-linux-gnu)
	compiled by GNU C version 12.2.0, GMP version 6.2.1, MPFR version 4.1.0-p13, MPC version 1.2.1, isl version isl-0.25-GMP

GGC heuristics: --param ggc-min-expand=100 --param ggc-min-heapsize=131072
ignoring nonexistent directory "/usr/lib/gcc/x86_64-pc-linux-gnu/12.2.0/../../../../x86_64-pc-linux-gnu/include"
#include "..." search starts here:
#include <...> search starts here:
 /usr/lib/gcc/x86_64-pc-linux-gnu/12.2.0/include
 /usr/local/include
 /usr/lib/gcc/x86_64-pc-linux-gnu/12.2.0/include-fixed
 /usr/include
End of search list.
GNU C17 (GCC) version 12.2.0 (x86_64-pc-linux-gnu)
	compiled by GNU C version 12.2.0, GMP version 6.2.1, MPFR version 4.1.0-p13, MPC version 1.2.1, isl version isl-0.25-GMP

GGC heuristics: --param ggc-min-expand=100 --param ggc-min-heapsize=131072
Compiler executable checksum: 4b798a352742e8322eaa4a166b8f6299
COLLECT_GCC_OPTIONS='-v' '-o' 'CMakeFiles/cmTC_acd7f.dir/CMakeCCompilerABI.c.o' '-c' '-mtune=generic' '-march=x86-64' '-dumpdir' 'CMakeFiles/cmTC_acd7f.dir/'
 as -v --64 -o CMakeFiles/cmTC_acd7f.dir/CMakeCCompilerABI.c.o /tmp/ccc534tC.s
GNU assembler version 2.39.0 (x86_64-pc-linux-gnu) using BFD version (GNU Binutils) 2.39.0
COMPILER_PATH=/usr/lib/gcc/x86_64-pc-linux-gnu/12.2.0/:/usr/lib/gcc/x86_64-pc-linux-gnu/12.2.0/:/usr/lib/gcc/x86_64-pc-linux-gnu/:/usr/lib/gcc/x86_64-pc-linux-gnu/12.2.0/:/usr/lib/gcc/x86_64-pc-linux-gnu/
LIBRARY_PATH=/usr/lib/gcc/x86_64-pc-linux-gnu/12.2.0/:/usr/lib/gcc/x86_64-pc-linux-gnu/12.2.0/../../../../lib/:/lib/../lib/:/usr/lib/../lib/:/usr/lib/gcc/x86_64-pc-linux-gnu/12.2.0/../../../:/lib/:/usr/lib/
COLLECT_GCC_OPTIONS='-v' '-o' 'CMakeFiles/cmTC_acd7f.dir/CMakeCCompilerABI.c.o' '-c' '-mtune=generic' '-march=x86-64' '-dumpdir' 'CMakeFiles/cmTC_acd7f.dir/CMakeCCompilerABI.c.'
Linking C executable cmTC_acd7f
/usr/bin/cmake -E cmake_link_script CMakeFiles/cmTC_acd7f.dir/link.txt --verbose=1
/usr/bin/cc  -v -rdynamic CMakeFiles/cmTC_acd7f.dir/CMakeCCompilerABI.c.o -o cmTC_acd7f 
Using built-in specs.
COLLECT_GCC=/usr/bin/cc
COLLECT_LTO_WRAPPER=/usr/lib/gcc/x86_64-pc-linux-gnu/12.2.0/lto-wrapper
Target: x86_64-pc-linux-gnu
Configured with: /build/gcc/src/gcc/configure --enable-languages=c,c++,ada,fortran,go,lto,objc,obj-c++,d --enable-bootstrap --prefix=/usr --libdir=/usr/lib --libexecdir=/usr/lib --mandir=/usr/share/man --infodir=/usr/share/info --with-bugurl=https://bugs.archlinux.org/ --with-build-config=bootstrap-lto --with-linker-hash-style=gnu --with-system-zlib --enable-__cxa_atexit --enable-cet=auto --enable-checking=release --enable-clocale=gnu --enable-default-pie --enable-default-ssp --enable-gnu-indirect-function --enable-gnu-unique-object --enable-libstdcxx-backtrace --enable-link-serialization=1 --enable-linker-build-id --enable-lto --enable-multilib --enable-plugin --enable-shared --enable-threads=posix --disable-libssp --disable-libstdcxx-pch --disable-werror
Thread model: posix
Supported LTO compression algorithms: zlib zstd
gcc version 12.2.0 (GCC) 
COMPILER_PATH=/usr/lib/gcc/x86_64-pc-linux-gnu/12.2.0/:/usr/lib/gcc/x86_64-pc-linux-gnu/12.2.0/:/usr/lib/gcc/x86_64-pc-linux-gnu/:/usr/lib/gcc/x86_64-pc-linux-gnu/12.2.0/:/usr/lib/gcc/x86_64-pc-linux-gnu/
LIBRARY_PATH=/usr/lib/gcc/x86_64-pc-linux-gnu/12.2.0/:/usr/lib/gcc/x86_64-pc-linux-gnu/12.2.0/../../../../lib/:/lib/../lib/:/usr/lib/../lib/:/usr/lib/gcc/x86_64-pc-linux-gnu/12.2.0/../../../:/lib/:/usr/lib/
COLLECT_GCC_OPTIONS='-v' '-rdynamic' '-o' 'cmTC_acd7f' '-mtune=generic' '-march=x86-64' '-dumpdir' 'cmTC_acd7f.'
 /usr/lib/gcc/x86_64-pc-linux-gnu/12.2.0/collect2 -plugin /usr/lib/gcc/x86_64-pc-linux-gnu/12.2.0/liblto_plugin.so -plugin-opt=/usr/lib/gcc/x86_64-pc-linux-gnu/12.2.0/lto-wrapper -plugin-opt=-fresolution=/tmp/cc5KW4ND.res -plugin-opt=-pass-through=-lgcc -plugin-opt=-pass-through=-lgcc_s -plugin-opt=-pass-through=-lc -plugin-opt=-pass-through=-lgcc -plugin-opt=-pass-through=-lgcc_s --build-id --eh-frame-hdr --hash-style=gnu -m elf_x86_64 -export-dynamic -dynamic-linker /lib64/ld-linux-x86-64.so.2 -pie -o cmTC_acd7f /usr/lib/gcc/x86_64-pc-linux-gnu/12.2.0/../../../../lib/Scrt1.o /usr/lib/gcc/x86_64-pc-linux-gnu/12.2.0/../../../../lib/crti.o /usr/lib/gcc/x86_64-pc-linux-gnu/12.2.0/crtbeginS.o -L/usr/lib/gcc/x86_64-pc-linux-gnu/12.2.0 -L/usr/lib/gcc/x86_64-pc-linux-gnu/12.2.0/../../../../lib -L/lib/../lib -L/usr/lib/../lib -L/usr/lib/gcc/x86_64-pc-linux-gnu/12.2.0/../../.. CMakeFiles/cmTC_acd7f.dir/CMakeCCompilerABI.c.o -lgcc --push-state --as-needed -lgcc_s --pop-state -lc -lgcc --push-state --as-needed -lgcc_s --pop-state /usr/lib/gcc/x86_64-pc-linux-gnu/12.2.0/crtendS.o /usr/lib/gcc/x86_64-pc-linux-gnu/12.2.0/../../../../lib/crtn.o
COLLECT_GCC_OPTIONS='-v' '-rdynamic' '-o' 'cmTC_acd7f' '-mtune=generic' '-march=x86-64' '-dumpdir' 'cmTC_acd7f.'
make[1]: Leaving directory '/home/lewisg/Documents/Computer Science/C++/OpenGLGame/glew-2.2.0/build/CMakeFiles/CMakeTmp'



Parsed C implicit include dir info from above output: rv=done
  found start of include info
  found start of implicit include info
    add: [/usr/lib/gcc/x86_64-pc-linux-gnu/12.2.0/include]
    add: [/usr/local/include]
    add: [/usr/lib/gcc/x86_64-pc-linux-gnu/12.2.0/include-fixed]
    add: [/usr/include]
  end of search list found
  collapse include dir [/usr/lib/gcc/x86_64-pc-linux-gnu/12.2.0/include] ==> [/usr/lib/gcc/x86_64-pc-linux-gnu/12.2.0/include]
  collapse include dir [/usr/local/include] ==> [/usr/local/include]
  collapse include dir [/usr/lib/gcc/x86_64-pc-linux-gnu/12.2.0/include-fixed] ==> [/usr/lib/gcc/x86_64-pc-linux-gnu/12.2.0/include-fixed]
  collapse include dir [/usr/include] ==> [/usr/include]
  implicit include dirs: [/usr/lib/gcc/x86_64-pc-linux-gnu/12.2.0/include;/usr/local/include;/usr/lib/gcc/x86_64-pc-linux-gnu/12.2.0/include-fixed;/usr/include]


Parsed C implicit link information from above output:
  link line regex: [^( *|.*[/\])(ld|CMAKE_LINK_STARTFILE-NOTFOUND|([^/\]+-)?ld|collect2)[^/\]*( |$)]
  ignore line: [Change Dir: /home/lewisg/Documents/Computer Science/C++/OpenGLGame/glew-2.2.0/build/CMakeFiles/CMakeTmp]
  ignore line: []
  ignore line: [Run Build Command(s):/usr/bin/make -f Makefile cmTC_acd7f/fast && /usr/bin/make  -f CMakeFiles/cmTC_acd7f.dir/build.make CMakeFiles/cmTC_acd7f.dir/build]
  ignore line: [make[1]: Entering directory '/home/lewisg/Documents/Computer Science/C++/OpenGLGame/glew-2.2.0/build/CMakeFiles/CMakeTmp']
  ignore line: [Building C object CMakeFiles/cmTC_acd7f.dir/CMakeCCompilerABI.c.o]
  ignore line: [/usr/bin/cc   -v -o CMakeFiles/cmTC_acd7f.dir/CMakeCCompilerABI.c.o -c /usr/share/cmake/Modules/CMakeCCompilerABI.c]
  ignore line: [Using built-in specs.]
  ignore line: [COLLECT_GCC=/usr/bin/cc]
  ignore line: [Target: x86_64-pc-linux-gnu]
  ignore line: [Configured with: /build/gcc/src/gcc/configure --enable-languages=c c++ ada fortran go lto objc obj-c++ d --enable-bootstrap --prefix=/usr --libdir=/usr/lib --libexecdir=/usr/lib --mandir=/usr/share/man --infodir=/usr/share/info --with-bugurl=https://bugs.archlinux.org/ --with-build-config=bootstrap-lto --with-linker-hash-style=gnu --with-system-zlib --enable-__cxa_atexit --enable-cet=auto --enable-checking=release --enable-clocale=gnu --enable-default-pie --enable-default-ssp --enable-gnu-indirect-function --enable-gnu-unique-object --enable-libstdcxx-backtrace --enable-link-serialization=1 --enable-linker-build-id --enable-lto --enable-multilib --enable-plugin --enable-shared --enable-threads=posix --disable-libssp --disable-libstdcxx-pch --disable-werror]
  ignore line: [Thread model: posix]
  ignore line: [Supported LTO compression algorithms: zlib zstd]
  ignore line: [gcc version 12.2.0 (GCC) ]
  ignore line: [COLLECT_GCC_OPTIONS='-v' '-o' 'CMakeFiles/cmTC_acd7f.dir/CMakeCCompilerABI.c.o' '-c' '-mtune=generic' '-march=x86-64' '-dumpdir' 'CMakeFiles/cmTC_acd7f.dir/']
  ignore line: [ /usr/lib/gcc/x86_64-pc-linux-gnu/12.2.0/cc1 -quiet -v /usr/share/cmake/Modules/CMakeCCompilerABI.c -quiet -dumpdir CMakeFiles/cmTC_acd7f.dir/ -dumpbase CMakeCCompilerABI.c.c -dumpbase-ext .c -mtune=generic -march=x86-64 -version -o /tmp/ccc534tC.s]
  ignore line: [GNU C17 (GCC) version 12.2.0 (x86_64-pc-linux-gnu)]
  ignore line: [	compiled by GNU C version 12.2.0  GMP version 6.2.1  MPFR version 4.1.0-p13  MPC version 1.2.1  isl version isl-0.25-GMP]
  ignore line: []
  ignore line: [GGC heuristics: --param ggc-min-expand=100 --param ggc-min-heapsize=131072]
  ignore line: [ignoring nonexistent directory "/usr/lib/gcc/x86_64-pc-linux-gnu/12.2.0/../../../../x86_64-pc-linux-gnu/include"]
  ignore line: [#include "..." search starts here:]
  ignore line: [#include <...> search starts here:]
  ignore line: [ /usr/lib/gcc/x86_64-pc-linux-gnu/12.2.0/include]
  ignore line: [ /usr/local/include]
  ignore line: [ /usr/lib/gcc/x86_64-pc-linux-gnu/12.2.0/include-fixed]
  ignore line: [ /usr/include]
  ignore line: [End of search list.]
  ignore line: [GNU C17 (GCC) version 12.2.0 (x86_64-pc-linux-gnu)]
  ignore line: [	compiled by GNU C version 12.2.0  GMP version 6.2.1  MPFR version 4.1.0-p13  MPC version 1.2.1  isl version isl-0.25-GMP]
  ignore line: []
  ignore line: [GGC heuristics: --param ggc-min-expand=100 --param ggc-min-heapsize=131072]
  ignore line: [Compiler executable checksum: 4b798a352742e8322eaa4a166b8f6299]
  ignore line: [COLLECT_GCC_OPTIONS='-v' '-o' 'CMakeFiles/cmTC_acd7f.dir/CMakeCCompilerABI.c.o' '-c' '-mtune=generic' '-march=x86-64' '-dumpdir' 'CMakeFiles/cmTC_acd7f.dir/']
  ignore line: [ as -v --64 -o CMakeFiles/cmTC_acd7f.dir/CMakeCCompilerABI.c.o /tmp/ccc534tC.s]
  ignore line: [GNU assembler version 2.39.0 (x86_64-pc-linux-gnu) using BFD version (GNU Binutils) 2.39.0]
  ignore line: [COMPILER_PATH=/usr/lib/gcc/x86_64-pc-linux-gnu/12.2.0/:/usr/lib/gcc/x86_64-pc-linux-gnu/12.2.0/:/usr/lib/gcc/x86_64-pc-linux-gnu/:/usr/lib/gcc/x86_64-pc-linux-gnu/12.2.0/:/usr/lib/gcc/x86_64-pc-linux-gnu/]
  ignore line: [LIBRARY_PATH=/usr/lib/gcc/x86_64-pc-linux-gnu/12.2.0/:/usr/lib/gcc/x86_64-pc-linux-gnu/12.2.0/../../../../lib/:/lib/../lib/:/usr/lib/../lib/:/usr/lib/gcc/x86_64-pc-linux-gnu/12.2.0/../../../:/lib/:/usr/lib/]
  ignore line: [COLLECT_GCC_OPTIONS='-v' '-o' 'CMakeFiles/cmTC_acd7f.dir/CMakeCCompilerABI.c.o' '-c' '-mtune=generic' '-march=x86-64' '-dumpdir' 'CMakeFiles/cmTC_acd7f.dir/CMakeCCompilerABI.c.']
  ignore line: [Linking C executable cmTC_acd7f]
  ignore line: [/usr/bin/cmake -E cmake_link_script CMakeFiles/cmTC_acd7f.dir/link.txt --verbose=1]
  ignore line: [/usr/bin/cc  -v -rdynamic CMakeFiles/cmTC_acd7f.dir/CMakeCCompilerABI.c.o -o cmTC_acd7f ]
  ignore line: [Using built-in specs.]
  ignore line: [COLLECT_GCC=/usr/bin/cc]
  ignore line: [COLLECT_LTO_WRAPPER=/usr/lib/gcc/x86_64-pc-linux-gnu/12.2.0/lto-wrapper]
  ignore line: [Target: x86_64-pc-linux-gnu]
  ignore line: [Configured with: /build/gcc/src/gcc/configure --enable-languages=c c++ ada fortran go lto objc obj-c++ d --enable-bootstrap --prefix=/usr --libdir=/usr/lib --libexecdir=/usr/lib --mandir=/usr/share/man --infodir=/usr/share/info --with-bugurl=https://bugs.archlinux.org/ --with-build-config=bootstrap-lto --with-linker-hash-style=gnu --with-system-zlib --enable-__cxa_atexit --enable-cet=auto --enable-checking=release --enable-clocale=gnu --enable-default-pie --enable-default-ssp --enable-gnu-indirect-function --enable-gnu-unique-object --enable-libstdcxx-backtrace --enable-link-serialization=1 --enable-linker-build-id --enable-lto --enable-multilib --enable-plugin --enable-shared --enable-threads=posix --disable-libssp --disable-libstdcxx-pch --disable-werror]
  ignore line: [Thread model: posix]
  ignore line: [Supported LTO compression algorithms: zlib zstd]
  ignore line: [gcc version 12.2.0 (GCC) ]
  ignore line: [COMPILER_PATH=/usr/lib/gcc/x86_64-pc-linux-gnu/12.2.0/:/usr/lib/gcc/x86_64-pc-linux-gnu/12.2.0/:/usr/lib/gcc/x86_64-pc-linux-gnu/:/usr/lib/gcc/x86_64-pc-linux-gnu/12.2.0/:/usr/lib/gcc/x86_64-pc-linux-gnu/]
  ignore line: [LIBRARY_PATH=/usr/lib/gcc/x86_64-pc-linux-gnu/12.2.0/:/usr/lib/gcc/x86_64-pc-linux-gnu/12.2.0/../../../../lib/:/lib/../lib/:/usr/lib/../lib/:/usr/lib/gcc/x86_64-pc-linux-gnu/12.2.0/../../../:/lib/:/usr/lib/]
  ignore line: [COLLECT_GCC_OPTIONS='-v' '-rdynamic' '-o' 'cmTC_acd7f' '-mtune=generic' '-march=x86-64' '-dumpdir' 'cmTC_acd7f.']
  link line: [ /usr/lib/gcc/x86_64-pc-linux-gnu/12.2.0/collect2 -plugin /usr/lib/gcc/x86_64-pc-linux-gnu/12.2.0/liblto_plugin.so -plugin-opt=/usr/lib/gcc/x86_64-pc-linux-gnu/12.2.0/lto-wrapper -plugin-opt=-fresolution=/tmp/cc5KW4ND.res -plugin-opt=-pass-through=-lgcc -plugin-opt=-pass-through=-lgcc_s -plugin-opt=-pass-through=-lc -plugin-opt=-pass-through=-lgcc -plugin-opt=-pass-through=-lgcc_s --build-id --eh-frame-hdr --hash-style=gnu -m elf_x86_64 -export-dynamic -dynamic-linker /lib64/ld-linux-x86-64.so.2 -pie -o cmTC_acd7f /usr/lib/gcc/x86_64-pc-linux-gnu/12.2.0/../../../../lib/Scrt1.o /usr/lib/gcc/x86_64-pc-linux-gnu/12.2.0/../../../../lib/crti.o /usr/lib/gcc/x86_64-pc-linux-gnu/12.2.0/crtbeginS.o -L/usr/lib/gcc/x86_64-pc-linux-gnu/12.2.0 -L/usr/lib/gcc/x86_64-pc-linux-gnu/12.2.0/../../../../lib -L/lib/../lib -L/usr/lib/../lib -L/usr/lib/gcc/x86_64-pc-linux-gnu/12.2.0/../../.. CMakeFiles/cmTC_acd7f.dir/CMakeCCompilerABI.c.o -lgcc --push-state --as-needed -lgcc_s --pop-state -lc -lgcc --push-state --as-needed -lgcc_s --pop-state /usr/lib/gcc/x86_64-pc-linux-gnu/12.2.0/crtendS.o /usr/lib/gcc/x86_64-pc-linux-gnu/12.2.0/../../../../lib/crtn.o]
    arg [/usr/lib/gcc/x86_64-pc-linux-gnu/12.2.0/collect2] ==> ignore
    arg [-plugin] ==> ignore
    arg [/usr/lib/gcc/x86_64-pc-linux-gnu/12.2.0/liblto_plugin.so] ==> ignore
    arg [-plugin-opt=/usr/lib/gcc/x86_64-pc-linux-gnu/12.2.0/lto-wrapper] ==> ignore
    arg [-plugin-opt=-fresolution=/tmp/cc5KW4ND.res] ==> ignore
    arg [-plugin-opt=-pass-through=-lgcc] ==> ignore
    arg [-plugin-opt=-pass-through=-lgcc_s] ==> ignore
    arg [-plugin-opt=-pass-through=-lc] ==> ignore
    arg [-plugin-opt=-pass-through=-lgcc] ==> ignore
    arg [-plugin-opt=-pass-through=-lgcc_s] ==> ignore
    arg [--build-id] ==> ignore
    arg [--eh-frame-hdr] ==> ignore
    arg [--hash-style=gnu] ==> ignore
    arg [-m] ==> ignore
    arg [elf_x86_64] ==> ignore
    arg [-export-dynamic] ==> ignore
    arg [-dynamic-linker] ==> ignore
    arg [/lib64/ld-linux-x86-64.so.2] ==> ignore
    arg [-pie] ==> ignore
    arg [-o] ==> ignore
    arg [cmTC_acd7f] ==> ignore
    arg [/usr/lib/gcc/x86_64-pc-linux-gnu/12.2.0/../../../../lib/Scrt1.o] ==> obj [/usr/lib/gcc/x86_64-pc-linux-gnu/12.2.0/../../../../lib/Scrt1.o]
    arg [/usr/lib/gcc/x86_64-pc-linux-gnu/12.2.0/../../../../lib/crti.o] ==> obj [/usr/lib/gcc/x86_64-pc-linux-gnu/12.2.0/../../../../lib/crti.o]
    arg [/usr/lib/gcc/x86_64-pc-linux-gnu/12.2.0/crtbeginS.o] ==> obj [/usr/lib/gcc/x86_64-pc-linux-gnu/12.2.0/crtbeginS.o]
    arg [-L/usr/lib/gcc/x86_64-pc-linux-gnu/12.2.0] ==> dir [/usr/lib/gcc/x86_64-pc-linux-gnu/12.2.0]
    arg [-L/usr/lib/gcc/x86_64-pc-linux-gnu/12.2.0/../../../../lib] ==> dir [/usr/lib/gcc/x86_64-pc-linux-gnu/12.2.0/../../../../lib]
    arg [-L/lib/../lib] ==> dir [/lib/../lib]
    arg [-L/usr/lib/../lib] ==> dir [/usr/lib/../lib]
    arg [-L/usr/lib/gcc/x86_64-pc-linux-gnu/12.2.0/../../..] ==> dir [/usr/lib/gcc/x86_64-pc-linux-gnu/12.2.0/../../..]
    arg [CMakeFiles/cmTC_acd7f.dir/CMakeCCompilerABI.c.o] ==> ignore
    arg [-lgcc] ==> lib [gcc]
    arg [--push-state] ==> ignore
    arg [--as-needed] ==> ignore
    arg [-lgcc_s] ==> lib [gcc_s]
    arg [--pop-state] ==> ignore
    arg [-lc] ==> lib [c]
    arg [-lgcc] ==> lib [gcc]
    arg [--push-state] ==> ignore
    arg [--as-needed] ==> ignore
    arg [-lgcc_s] ==> lib [gcc_s]
    arg [--pop-state] ==> ignore
    arg [/usr/lib/gcc/x86_64-pc-linux-gnu/12.2.0/crtendS.o] ==> obj [/usr/lib/gcc/x86_64-pc-linux-gnu/12.2.0/crtendS.o]
    arg [/usr/lib/gcc/x86_64-pc-linux-gnu/12.2.0/../../../../lib/crtn.o] ==> obj [/usr/lib/gcc/x86_64-pc-linux-gnu/12.2.0/../../../../lib/crtn.o]
  collapse obj [/usr/lib/gcc/x86_64-pc-linux-gnu/12.2.0/../../../../lib/Scrt1.o] ==> [/usr/lib/Scrt1.o]
  collapse obj [/usr/lib/gcc/x86_64-pc-linux-gnu/12.2.0/../../../../lib/crti.o] ==> [/usr/lib/crti.o]
  collapse obj [/usr/lib/gcc/x86_64-pc-linux-gnu/12.2.0/../../../../lib/crtn.o] ==> [/usr/lib/crtn.o]
  collapse library dir [/usr/lib/gcc/x86_64-pc-linux-gnu/12.2.0] ==> [/usr/lib/gcc/x86_64-pc-linux-gnu/12.2.0]
  collapse library dir [/usr/lib/gcc/x86_64-pc-linux-gnu/12.2.0/../../../../lib] ==> [/usr/lib]
  collapse library dir [/lib/../lib] ==> [/lib]
  collapse library dir [/usr/lib/../lib] ==> [/usr/lib]
  collapse library dir [/usr/lib/gcc/x86_64-pc-linux-gnu/12.2.0/../../..] ==> [/usr/lib]
  implicit libs: [gcc;gcc_s;c;gcc;gcc_s]
  implicit objs: [/usr/lib/Scrt1.o;/usr/lib/crti.o;/usr/lib/gcc/x86_64-pc-linux-gnu/12.2.0/crtbeginS.o;/usr/lib/gcc/x86_64-pc-linux-gnu/12.2.0/crtendS.o;/usr/lib/crtn.o]
  implicit dirs: [/usr/lib/gcc/x86_64-pc-linux-gnu/12.2.0;/usr/lib;/lib]
  implicit fwks: []


Determining if the function XOpenDisplay exists in the /usr/lib/libX11.so;/usr/lib/libXext.so passed with the following output:
Change Dir: /home/lewisg/Documents/Computer Science/C++/OpenGLGame/glew-2.2.0/build/CMakeFiles/CMakeTmp

Run Build Command(s):/usr/bin/make -f Makefile cmTC_97b41/fast && /usr/bin/make  -f CMakeFiles/cmTC_97b41.dir/build.make CMakeFiles/cmTC_97b41.dir/build
make[1]: Entering directory '/home/lewisg/Documents/Computer Science/C++/OpenGLGame/glew-2.2.0/build/CMakeFiles/CMakeTmp'
Building C object CMakeFiles/cmTC_97b41.dir/CheckFunctionExists.c.o
/usr/bin/cc   -DCHECK_FUNCTION_EXISTS=XOpenDisplay -o CMakeFiles/cmTC_97b41.dir/CheckFunctionExists.c.o -c /usr/share/cmake/Modules/CheckFunctionExists.c
Linking C executable cmTC_97b41
/usr/bin/cmake -E cmake_link_script CMakeFiles/cmTC_97b41.dir/link.txt --verbose=1
/usr/bin/cc  -DCHECK_FUNCTION_EXISTS=XOpenDisplay -rdynamic CMakeFiles/cmTC_97b41.dir/CheckFunctionExists.c.o -o cmTC_97b41  /usr/lib/libX11.so /usr/lib/libXext.so 
make[1]: Leaving directory '/home/lewisg/Documents/Computer Science/C++/OpenGLGame/glew-2.2.0/build/CMakeFiles/CMakeTmp'



Determining if the function gethostbyname exists passed with the following output:
Change Dir: /home/lewisg/Documents/Computer Science/C++/OpenGLGame/glew-2.2.0/build/CMakeFiles/CMakeTmp

Run Build Command(s):/usr/bin/make -f Makefile cmTC_322bd/fast && /usr/bin/make  -f CMakeFiles/cmTC_322bd.dir/build.make CMakeFiles/cmTC_322bd.dir/build
make[1]: Entering directory '/home/lewisg/Documents/Computer Science/C++/OpenGLGame/glew-2.2.0/build/CMakeFiles/CMakeTmp'
Building C object CMakeFiles/cmTC_322bd.dir/CheckFunctionExists.c.o
/usr/bin/cc   -DCHECK_FUNCTION_EXISTS=gethostbyname -o CMakeFiles/cmTC_322bd.dir/CheckFunctionExists.c.o -c /usr/share/cmake/Modules/CheckFunctionExists.c
Linking C executable cmTC_322bd
/usr/bin/cmake -E cmake_link_script CMakeFiles/cmTC_322bd.dir/link.txt --verbose=1
/usr/bin/cc  -DCHECK_FUNCTION_EXISTS=gethostbyname -rdynamic CMakeFiles/cmTC_322bd.dir/CheckFunctionExists.c.o -o cmTC_322bd 
make[1]: Leaving directory '/home/lewisg/Documents/Computer Science/C++/OpenGLGame/glew-2.2.0/build/CMakeFiles/CMakeTmp'



Determining if the function connect exists passed with the following output:
Change Dir: /home/lewisg/Documents/Computer Science/C++/OpenGLGame/glew-2.2.0/build/CMakeFiles/CMakeTmp

Run Build Command(s):/usr/bin/make -f Makefile cmTC_49113/fast && /usr/bin/make  -f CMakeFiles/cmTC_49113.dir/build.make CMakeFiles/cmTC_49113.dir/build
make[1]: Entering directory '/home/lewisg/Documents/Computer Science/C++/OpenGLGame/glew-2.2.0/build/CMakeFiles/CMakeTmp'
Building C object CMakeFiles/cmTC_49113.dir/CheckFunctionExists.c.o
/usr/bin/cc   -DCHECK_FUNCTION_EXISTS=connect -o CMakeFiles/cmTC_49113.dir/CheckFunctionExists.c.o -c /usr/share/cmake/Modules/CheckFunctionExists.c
Linking C executable cmTC_49113
/usr/bin/cmake -E cmake_link_script CMakeFiles/cmTC_49113.dir/link.txt --verbose=1
/usr/bin/cc  -DCHECK_FUNCTION_EXISTS=connect -rdynamic CMakeFiles/cmTC_49113.dir/CheckFunctionExists.c.o -o cmTC_49113 
make[1]: Leaving directory '/home/lewisg/Documents/Computer Science/C++/OpenGLGame/glew-2.2.0/build/CMakeFiles/CMakeTmp'



Determining if the function remove exists passed with the following output:
Change Dir: /home/lewisg/Documents/Computer Science/C++/OpenGLGame/glew-2.2.0/build/CMakeFiles/CMakeTmp

Run Build Command(s):/usr/bin/make -f Makefile cmTC_3f32d/fast && /usr/bin/make  -f CMakeFiles/cmTC_3f32d.dir/build.make CMakeFiles/cmTC_3f32d.dir/build
make[1]: Entering directory '/home/lewisg/Documents/Computer Science/C++/OpenGLGame/glew-2.2.0/build/CMakeFiles/CMakeTmp'
Building C object CMakeFiles/cmTC_3f32d.dir/CheckFunctionExists.c.o
/usr/bin/cc   -DCHECK_FUNCTION_EXISTS=remove -o CMakeFiles/cmTC_3f32d.dir/CheckFunctionExists.c.o -c /usr/share/cmake/Modules/CheckFunctionExists.c
Linking C executable cmTC_3f32d
/usr/bin/cmake -E cmake_link_script CMakeFiles/cmTC_3f32d.dir/link.txt --verbose=1
/usr/bin/cc  -DCHECK_FUNCTION_EXISTS=remove -rdynamic CMakeFiles/cmTC_3f32d.dir/CheckFunctionExists.c.o -o cmTC_3f32d 
make[1]: Leaving directory '/home/lewisg/Documents/Computer Science/C++/OpenGLGame/glew-2.2.0/build/CMakeFiles/CMakeTmp'



Determining if the function shmat exists passed with the following output:
Change Dir: /home/lewisg/Documents/Computer Science/C++/OpenGLGame/glew-2.2.0/build/CMakeFiles/CMakeTmp

Run Build Command(s):/usr/bin/make -f Makefile cmTC_3ebec/fast && /usr/bin/make  -f CMakeFiles/cmTC_3ebec.dir/build.make CMakeFiles/cmTC_3ebec.dir/build
make[1]: Entering directory '/home/lewisg/Documents/Computer Science/C++/OpenGLGame/glew-2.2.0/build/CMakeFiles/CMakeTmp'
Building C object CMakeFiles/cmTC_3ebec.dir/CheckFunctionExists.c.o
/usr/bin/cc   -DCHECK_FUNCTION_EXISTS=shmat -o CMakeFiles/cmTC_3ebec.dir/CheckFunctionExists.c.o -c /usr/share/cmake/Modules/CheckFunctionExists.c
Linking C executable cmTC_3ebec
/usr/bin/cmake -E cmake_link_script CMakeFiles/cmTC_3ebec.dir/link.txt --verbose=1
/usr/bin/cc  -DCHECK_FUNCTION_EXISTS=shmat -rdynamic CMakeFiles/cmTC_3ebec.dir/CheckFunctionExists.c.o -o cmTC_3ebec 
make[1]: Leaving directory '/home/lewisg/Documents/Computer Science/C++/OpenGLGame/glew-2.2.0/build/CMakeFiles/CMakeTmp'



Determining if the function IceConnectionNumber exists in the ICE passed with the following output:
Change Dir: /home/lewisg/Documents/Computer Science/C++/OpenGLGame/glew-2.2.0/build/CMakeFiles/CMakeTmp

Run Build Command(s):/usr/bin/make -f Makefile cmTC_86de3/fast && /usr/bin/make  -f CMakeFiles/cmTC_86de3.dir/build.make CMakeFiles/cmTC_86de3.dir/build
make[1]: Entering directory '/home/lewisg/Documents/Computer Science/C++/OpenGLGame/glew-2.2.0/build/CMakeFiles/CMakeTmp'
Building C object CMakeFiles/cmTC_86de3.dir/CheckFunctionExists.c.o
/usr/bin/cc   -DCHECK_FUNCTION_EXISTS=IceConnectionNumber -o CMakeFiles/cmTC_86de3.dir/CheckFunctionExists.c.o -c /usr/share/cmake/Modules/CheckFunctionExists.c
Linking C executable cmTC_86de3
/usr/bin/cmake -E cmake_link_script CMakeFiles/cmTC_86de3.dir/link.txt --verbose=1
/usr/bin/cc  -DCHECK_FUNCTION_EXISTS=IceConnectionNumber -rdynamic CMakeFiles/cmTC_86de3.dir/CheckFunctionExists.c.o -o cmTC_86de3  -lICE 
make[1]: Leaving directory '/home/lewisg/Documents/Computer Science/C++/OpenGLGame/glew-2.2.0/build/CMakeFiles/CMakeTmp'



